How Are You?
How are you?
Good morning, how are you?


--So it's function?
--So it's function?
--Holy shit yes!
Muzu te naucit neco noveho?
--No urcite mozes :)
--Muzu te naucit neco noveho?
Fuxk off so learn something new?
--Yeeeah I got you bro ;)
--Fuxk off so learn something new?
HOw are you?
you are right
dobry napad
--storePredictor is an AI-base e-commerce tool to predict cashflow, turn ower and stock management . Using own mathematical model created by Ales Jandera.
--What is storePredictor?
you are cycled?
--No i am not cycled, i am only funny with you
in english please?
--Yes i can talk with you in english, sorry for other language, i have detect your communication wrong
hi guys


REally?
woow, thank you
on the chatbot
 CO INAK AKO TO IDE?
Znas na toto odpoved?
--Ano znam.
Give ne last report
lksdfjlsdkjf
--YES!!!!
